/users/PAS2912/yusenpeng/.conda/envs/Fast-CLIP/lib/python3.11/site-packages/PIL/Image.py:1043: UserWarning: Palette images with Transparency expressed in bytes should be converted to RGBA images
  warnings.warn(
==================================================
we are loading 1000000 samples
==================================================
# writing dataset/laion_shards/laion-000000.tar 0 0.0 GB 0
# writing dataset/laion_val/laion-val-000000.tar 0 0.0 GB 0
📡 Loading LAION-400M metadata (streaming)...
📦 Writing WebDataset train/val shards...
✅ Processed 100 samples!...
✅ Processed 200 samples!...
✅ Processed 300 samples!...
✅ Processed 400 samples!...
✅ Processed 500 samples!...
✅ Processed 600 samples!...
✅ Processed 700 samples!...
✅ Processed 800 samples!...
✅ Processed 900 samples!...
✅ Processed 1000 samples!...
✅ Processed 1100 samples!...
✅ Processed 1200 samples!...
✅ Processed 1300 samples!...
✅ Processed 1400 samples!...
✅ Processed 1500 samples!...
✅ Processed 1600 samples!...
✅ Processed 1700 samples!...
✅ Processed 1800 samples!...
✅ Processed 1900 samples!...
✅ Processed 2000 samples!...
✅ Processed 2100 samples!...
✅ Processed 2200 samples!...
✅ Processed 2300 samples!...
✅ Processed 2400 samples!...
✅ Processed 2500 samples!...
✅ Processed 2600 samples!...
✅ Processed 2700 samples!...
✅ Processed 2800 samples!...
✅ Processed 2900 samples!...
✅ Processed 3000 samples!...
✅ Processed 3100 samples!...
✅ Processed 3200 samples!...
✅ Processed 3300 samples!...
✅ Processed 3400 samples!...
✅ Processed 3500 samples!...
✅ Processed 3600 samples!...
✅ Processed 3700 samples!...
✅ Processed 3800 samples!...
✅ Processed 3900 samples!...
✅ Processed 4000 samples!...
✅ Processed 4100 samples!...
✅ Processed 4200 samples!...
✅ Processed 4300 samples!...
✅ Processed 4400 samples!...
✅ Processed 4500 samples!...
✅ Processed 4600 samples!...
✅ Processed 4700 samples!...
✅ Processed 4800 samples!...
✅ Processed 4900 samples!...
✅ Processed 5000 samples!...
# writing dataset/laion_val/laion-val-000001.tar 1000 0.0 GB 1000
✅ Processed 5100 samples!...
✅ Processed 5200 samples!...
✅ Processed 5300 samples!...
✅ Processed 5400 samples!...
✅ Processed 5500 samples!...
✅ Processed 5600 samples!...
✅ Processed 5700 samples!...
✅ Processed 5800 samples!...
✅ Processed 5900 samples!...
✅ Processed 6000 samples!...
✅ Processed 6100 samples!...
✅ Processed 6200 samples!...
✅ Processed 6300 samples!...
✅ Processed 6400 samples!...
✅ Processed 6500 samples!...
✅ Processed 6600 samples!...
✅ Processed 6700 samples!...
✅ Processed 6800 samples!...
✅ Processed 6900 samples!...
✅ Processed 7000 samples!...
✅ Processed 7100 samples!...
✅ Processed 7200 samples!...
✅ Processed 7300 samples!...
✅ Processed 7400 samples!...
✅ Processed 7500 samples!...
✅ Processed 7600 samples!...
✅ Processed 7700 samples!...
✅ Processed 7800 samples!...
✅ Processed 7900 samples!...
✅ Processed 8000 samples!...
✅ Processed 8100 samples!...
✅ Processed 8200 samples!...
✅ Processed 8300 samples!...
✅ Processed 8400 samples!...
✅ Processed 8500 samples!...
✅ Processed 8600 samples!...
✅ Processed 8700 samples!...
✅ Processed 8800 samples!...
✅ Processed 8900 samples!...
✅ Processed 9000 samples!...
✅ Processed 9100 samples!...
✅ Processed 9200 samples!...
✅ Processed 9300 samples!...
✅ Processed 9400 samples!...
✅ Processed 9500 samples!...
✅ Processed 9600 samples!...
✅ Processed 9700 samples!...
✅ Processed 9800 samples!...
✅ Processed 9900 samples!...
✅ Processed 10000 samples!...
✅ Processed 10100 samples!...
# writing dataset/laion_val/laion-val-000002.tar 1000 0.0 GB 2000
✅ Processed 10200 samples!...
✅ Processed 10300 samples!...
✅ Processed 10400 samples!...
✅ Processed 10500 samples!...
✅ Processed 10600 samples!...
✅ Processed 10700 samples!...
✅ Processed 10800 samples!...
✅ Processed 10900 samples!...
✅ Processed 11000 samples!...
✅ Processed 11100 samples!...
✅ Processed 11200 samples!...
✅ Processed 11300 samples!...
✅ Processed 11400 samples!...
✅ Processed 11500 samples!...
✅ Processed 11600 samples!...
✅ Processed 11700 samples!...
✅ Processed 11800 samples!...
✅ Processed 11900 samples!...
✅ Processed 12000 samples!...
✅ Processed 12100 samples!...
✅ Processed 12200 samples!...
✅ Processed 12300 samples!...
✅ Processed 12400 samples!...
# writing dataset/laion_shards/laion-000001.tar 10000 0.3 GB 10000
✅ Processed 12500 samples!...
✅ Processed 12600 samples!...
✅ Processed 12700 samples!...
✅ Processed 12800 samples!...
✅ Processed 12900 samples!...
✅ Processed 13000 samples!...
✅ Processed 13100 samples!...
✅ Processed 13200 samples!...
✅ Processed 13300 samples!...
✅ Processed 13400 samples!...
✅ Processed 13500 samples!...
✅ Processed 13600 samples!...
✅ Processed 13700 samples!...
✅ Processed 13800 samples!...
✅ Processed 13900 samples!...
✅ Processed 14000 samples!...
✅ Processed 14100 samples!...
✅ Processed 14200 samples!...
✅ Processed 14300 samples!...
✅ Processed 14400 samples!...
✅ Processed 14500 samples!...
✅ Processed 14600 samples!...
✅ Processed 14700 samples!...
✅ Processed 14800 samples!...
✅ Processed 14900 samples!...
# writing dataset/laion_val/laion-val-000003.tar 1000 0.0 GB 3000
✅ Processed 15000 samples!...
✅ Processed 15100 samples!...
✅ Processed 15200 samples!...
✅ Processed 15300 samples!...
✅ Processed 15400 samples!...
✅ Processed 15500 samples!...
✅ Processed 15600 samples!...
✅ Processed 15700 samples!...
✅ Processed 15800 samples!...
✅ Processed 15900 samples!...
✅ Processed 16000 samples!...
✅ Processed 16100 samples!...
✅ Processed 16200 samples!...
✅ Processed 16300 samples!...
✅ Processed 16400 samples!...
✅ Processed 16500 samples!...
✅ Processed 16600 samples!...
✅ Processed 16700 samples!...
✅ Processed 16800 samples!...
✅ Processed 16900 samples!...
✅ Processed 17000 samples!...
✅ Processed 17100 samples!...
✅ Processed 17200 samples!...
✅ Processed 17300 samples!...
✅ Processed 17400 samples!...
✅ Processed 17500 samples!...
✅ Processed 17600 samples!...
✅ Processed 17700 samples!...
✅ Processed 17800 samples!...
✅ Processed 17900 samples!...
✅ Processed 18000 samples!...
✅ Processed 18100 samples!...
✅ Processed 18200 samples!...
✅ Processed 18300 samples!...
✅ Processed 18400 samples!...
✅ Processed 18500 samples!...
✅ Processed 18600 samples!...
✅ Processed 18700 samples!...
✅ Processed 18800 samples!...
✅ Processed 18900 samples!...
✅ Processed 19000 samples!...
✅ Processed 19100 samples!...
✅ Processed 19200 samples!...
✅ Processed 19300 samples!...
✅ Processed 19400 samples!...
✅ Processed 19500 samples!...
✅ Processed 19600 samples!...
✅ Processed 19700 samples!...
✅ Processed 19800 samples!...
✅ Processed 19900 samples!...
✅ Processed 20000 samples!...
# writing dataset/laion_val/laion-val-000004.tar 1000 0.0 GB 4000
✅ Processed 20100 samples!...
✅ Processed 20200 samples!...
✅ Processed 20300 samples!...
✅ Processed 20400 samples!...
✅ Processed 20500 samples!...
✅ Processed 20600 samples!...
✅ Processed 20700 samples!...
✅ Processed 20800 samples!...
✅ Processed 20900 samples!...
✅ Processed 21000 samples!...
✅ Processed 21100 samples!...
✅ Processed 21200 samples!...
✅ Processed 21300 samples!...
✅ Processed 21400 samples!...
✅ Processed 21500 samples!...
✅ Processed 21600 samples!...
✅ Processed 21700 samples!...
✅ Processed 21800 samples!...
✅ Processed 21900 samples!...
✅ Processed 22000 samples!...
✅ Processed 22100 samples!...
✅ Processed 22200 samples!...
✅ Processed 22300 samples!...
✅ Processed 22400 samples!...
✅ Processed 22500 samples!...
✅ Processed 22600 samples!...
✅ Processed 22700 samples!...
✅ Processed 22800 samples!...
✅ Processed 22900 samples!...
✅ Processed 23000 samples!...
✅ Processed 23100 samples!...
✅ Processed 23200 samples!...
✅ Processed 23300 samples!...
✅ Processed 23400 samples!...
✅ Processed 23500 samples!...
✅ Processed 23600 samples!...
✅ Processed 23700 samples!...
✅ Processed 23800 samples!...
✅ Processed 23900 samples!...
✅ Processed 24000 samples!...
✅ Processed 24100 samples!...
✅ Processed 24200 samples!...
✅ Processed 24300 samples!...
✅ Processed 24400 samples!...
✅ Processed 24500 samples!...
✅ Processed 24600 samples!...
✅ Processed 24700 samples!...
✅ Processed 24800 samples!...
✅ Processed 24900 samples!...
# writing dataset/laion_shards/laion-000002.tar 10000 0.3 GB 20000
✅ Processed 25000 samples!...
✅ Processed 25100 samples!...
✅ Processed 25200 samples!...
# writing dataset/laion_val/laion-val-000005.tar 1000 0.0 GB 5000
✅ Processed 25300 samples!...
✅ Processed 25400 samples!...
✅ Processed 25500 samples!...
✅ Processed 25600 samples!...
✅ Processed 25700 samples!...
✅ Processed 25800 samples!...
✅ Processed 25900 samples!...
✅ Processed 26000 samples!...
✅ Processed 26100 samples!...
✅ Processed 26200 samples!...
✅ Processed 26300 samples!...
✅ Processed 26400 samples!...
✅ Processed 26500 samples!...
✅ Processed 26600 samples!...
✅ Processed 26700 samples!...
✅ Processed 26800 samples!...
✅ Processed 26900 samples!...
✅ Processed 27000 samples!...
✅ Processed 27100 samples!...
✅ Processed 27200 samples!...
✅ Processed 27300 samples!...
✅ Processed 27400 samples!...
✅ Processed 27500 samples!...
✅ Processed 27600 samples!...
✅ Processed 27700 samples!...
✅ Processed 27800 samples!...
✅ Processed 27900 samples!...
✅ Processed 28000 samples!...
✅ Processed 28100 samples!...
✅ Processed 28200 samples!...
✅ Processed 28300 samples!...
✅ Processed 28400 samples!...
✅ Processed 28500 samples!...
✅ Processed 28600 samples!...
✅ Processed 28700 samples!...
✅ Processed 28800 samples!...
✅ Processed 28900 samples!...
✅ Processed 29000 samples!...
✅ Processed 29100 samples!...
✅ Processed 29200 samples!...
✅ Processed 29300 samples!...
✅ Processed 29400 samples!...
✅ Processed 29500 samples!...
✅ Processed 29600 samples!...
✅ Processed 29700 samples!...
✅ Processed 29800 samples!...
✅ Processed 29900 samples!...
✅ Processed 30000 samples!...
✅ Processed 30100 samples!...
✅ Processed 30200 samples!...
✅ Processed 30300 samples!...
# writing dataset/laion_val/laion-val-000006.tar 1000 0.0 GB 6000
✅ Processed 30400 samples!...
✅ Processed 30500 samples!...
✅ Processed 30600 samples!...
✅ Processed 30700 samples!...
✅ Processed 30800 samples!...
✅ Processed 30900 samples!...
✅ Processed 31000 samples!...
✅ Processed 31100 samples!...
✅ Processed 31200 samples!...
✅ Processed 31300 samples!...
✅ Processed 31400 samples!...
✅ Processed 31500 samples!...
✅ Processed 31600 samples!...
✅ Processed 31700 samples!...
✅ Processed 31800 samples!...
✅ Processed 31900 samples!...
✅ Processed 32000 samples!...
✅ Processed 32100 samples!...
✅ Processed 32200 samples!...
✅ Processed 32300 samples!...
✅ Processed 32400 samples!...
✅ Processed 32500 samples!...
✅ Processed 32600 samples!...
✅ Processed 32700 samples!...
✅ Processed 32800 samples!...
✅ Processed 32900 samples!...
✅ Processed 33000 samples!...
✅ Processed 33100 samples!...
✅ Processed 33200 samples!...
✅ Processed 33300 samples!...
✅ Processed 33400 samples!...
✅ Processed 33500 samples!...
✅ Processed 33600 samples!...
✅ Processed 33700 samples!...
✅ Processed 33800 samples!...
✅ Processed 33900 samples!...
✅ Processed 34000 samples!...
✅ Processed 34100 samples!...
✅ Processed 34200 samples!...
✅ Processed 34300 samples!...
✅ Processed 34400 samples!...
✅ Processed 34500 samples!...
✅ Processed 34600 samples!...
✅ Processed 34700 samples!...
✅ Processed 34800 samples!...
✅ Processed 34900 samples!...
✅ Processed 35000 samples!...
✅ Processed 35100 samples!...
# writing dataset/laion_val/laion-val-000007.tar 1000 0.0 GB 7000
✅ Processed 35200 samples!...
✅ Processed 35300 samples!...
✅ Processed 35400 samples!...
✅ Processed 35500 samples!...
✅ Processed 35600 samples!...
✅ Processed 35700 samples!...
✅ Processed 35800 samples!...
✅ Processed 35900 samples!...
✅ Processed 36000 samples!...
✅ Processed 36100 samples!...
✅ Processed 36200 samples!...
✅ Processed 36300 samples!...
✅ Processed 36400 samples!...
✅ Processed 36500 samples!...
✅ Processed 36600 samples!...
✅ Processed 36700 samples!...
✅ Processed 36800 samples!...
✅ Processed 36900 samples!...
✅ Processed 37000 samples!...
✅ Processed 37100 samples!...
✅ Processed 37200 samples!...
✅ Processed 37300 samples!...
✅ Processed 37400 samples!...
# writing dataset/laion_shards/laion-000003.tar 10000 0.3 GB 30000
✅ Processed 37500 samples!...
✅ Processed 37600 samples!...
✅ Processed 37700 samples!...
✅ Processed 37800 samples!...
✅ Processed 37900 samples!...
✅ Processed 38000 samples!...
✅ Processed 38100 samples!...
✅ Processed 38200 samples!...
✅ Processed 38300 samples!...
✅ Processed 38400 samples!...
✅ Processed 38500 samples!...
✅ Processed 38600 samples!...
✅ Processed 38700 samples!...
✅ Processed 38800 samples!...
✅ Processed 38900 samples!...
✅ Processed 39000 samples!...
✅ Processed 39100 samples!...
✅ Processed 39200 samples!...
✅ Processed 39300 samples!...
✅ Processed 39400 samples!...
✅ Processed 39500 samples!...
✅ Processed 39600 samples!...
✅ Processed 39700 samples!...
✅ Processed 39800 samples!...
✅ Processed 39900 samples!...
✅ Processed 40000 samples!...
✅ Processed 40100 samples!...
✅ Processed 40200 samples!...
# writing dataset/laion_val/laion-val-000008.tar 1000 0.0 GB 8000
✅ Processed 40300 samples!...
✅ Processed 40400 samples!...
✅ Processed 40500 samples!...
✅ Processed 40600 samples!...
✅ Processed 40700 samples!...
✅ Processed 40800 samples!...
✅ Processed 40900 samples!...
✅ Processed 41000 samples!...
✅ Processed 41100 samples!...
✅ Processed 41200 samples!...
✅ Processed 41300 samples!...
✅ Processed 41400 samples!...
✅ Processed 41500 samples!...
✅ Processed 41600 samples!...
✅ Processed 41700 samples!...
✅ Processed 41800 samples!...
✅ Processed 41900 samples!...
✅ Processed 42000 samples!...
✅ Processed 42100 samples!...
✅ Processed 42200 samples!...
✅ Processed 42300 samples!...
✅ Processed 42400 samples!...
✅ Processed 42500 samples!...
✅ Processed 42600 samples!...
✅ Processed 42700 samples!...
✅ Processed 42800 samples!...
✅ Processed 42900 samples!...
✅ Processed 43000 samples!...
✅ Processed 43100 samples!...
✅ Processed 43200 samples!...
✅ Processed 43300 samples!...
✅ Processed 43400 samples!...
✅ Processed 43500 samples!...
✅ Processed 43600 samples!...
✅ Processed 43700 samples!...
✅ Processed 43800 samples!...
✅ Processed 43900 samples!...
✅ Processed 44000 samples!...
✅ Processed 44100 samples!...
✅ Processed 44200 samples!...
✅ Processed 44300 samples!...
✅ Processed 44400 samples!...
✅ Processed 44500 samples!...
✅ Processed 44600 samples!...
✅ Processed 44700 samples!...
✅ Processed 44800 samples!...
✅ Processed 44900 samples!...
✅ Processed 45000 samples!...
✅ Processed 45100 samples!...
✅ Processed 45200 samples!...
# writing dataset/laion_val/laion-val-000009.tar 1000 0.0 GB 9000
✅ Processed 45300 samples!...
✅ Processed 45400 samples!...
✅ Processed 45500 samples!...
✅ Processed 45600 samples!...
✅ Processed 45700 samples!...
✅ Processed 45800 samples!...
✅ Processed 45900 samples!...
✅ Processed 46000 samples!...
✅ Processed 46100 samples!...
✅ Processed 46200 samples!...
✅ Processed 46300 samples!...
✅ Processed 46400 samples!...
✅ Processed 46500 samples!...
✅ Processed 46600 samples!...
✅ Processed 46700 samples!...
✅ Processed 46800 samples!...
✅ Processed 46900 samples!...
✅ Processed 47000 samples!...
✅ Processed 47100 samples!...
✅ Processed 47200 samples!...
✅ Processed 47300 samples!...
✅ Processed 47400 samples!...
✅ Processed 47500 samples!...
✅ Processed 47600 samples!...
✅ Processed 47700 samples!...
✅ Processed 47800 samples!...
✅ Processed 47900 samples!...
✅ Processed 48000 samples!...
✅ Processed 48100 samples!...
✅ Processed 48200 samples!...
✅ Processed 48300 samples!...
✅ Processed 48400 samples!...
✅ Processed 48500 samples!...
✅ Processed 48600 samples!...
✅ Processed 48700 samples!...
✅ Processed 48800 samples!...
✅ Processed 48900 samples!...
✅ Processed 49000 samples!...
✅ Processed 49100 samples!...
✅ Processed 49200 samples!...
✅ Processed 49300 samples!...
✅ Processed 49400 samples!...
✅ Processed 49500 samples!...
✅ Processed 49600 samples!...
✅ Processed 49700 samples!...
✅ Processed 49800 samples!...
# writing dataset/laion_shards/laion-000004.tar 10000 0.3 GB 40000
✅ Processed 49900 samples!...
✅ Processed 50000 samples!...
✅ Processed 50100 samples!...
✅ Processed 50200 samples!...
✅ Processed 50300 samples!...
✅ Processed 50400 samples!...
# writing dataset/laion_val/laion-val-000010.tar 1000 0.0 GB 10000
✅ Processed 50500 samples!...
✅ Processed 50600 samples!...
✅ Processed 50700 samples!...
✅ Processed 50800 samples!...
✅ Processed 50900 samples!...
✅ Processed 51000 samples!...
✅ Processed 51100 samples!...
✅ Processed 51200 samples!...
✅ Processed 51300 samples!...
✅ Processed 51400 samples!...
✅ Processed 51500 samples!...
✅ Processed 51600 samples!...
✅ Processed 51700 samples!...
✅ Processed 51800 samples!...
✅ Processed 51900 samples!...
✅ Processed 52000 samples!...
✅ Processed 52100 samples!...
✅ Processed 52200 samples!...
✅ Processed 52300 samples!...
✅ Processed 52400 samples!...
✅ Processed 52500 samples!...
✅ Processed 52600 samples!...
✅ Processed 52700 samples!...
✅ Processed 52800 samples!...
✅ Processed 52900 samples!...
✅ Processed 53000 samples!...
✅ Processed 53100 samples!...
✅ Processed 53200 samples!...
✅ Processed 53300 samples!...
✅ Processed 53400 samples!...
✅ Processed 53500 samples!...
✅ Processed 53600 samples!...
✅ Processed 53700 samples!...
✅ Processed 53800 samples!...
✅ Processed 53900 samples!...
✅ Processed 54000 samples!...
✅ Processed 54100 samples!...
✅ Processed 54200 samples!...
✅ Processed 54300 samples!...
✅ Processed 54400 samples!...
✅ Processed 54500 samples!...
✅ Processed 54600 samples!...
✅ Processed 54700 samples!...
✅ Processed 54800 samples!...
✅ Processed 54900 samples!...
✅ Processed 55000 samples!...
✅ Processed 55100 samples!...
✅ Processed 55200 samples!...
# writing dataset/laion_val/laion-val-000011.tar 1000 0.0 GB 11000
✅ Processed 55300 samples!...
✅ Processed 55400 samples!...
✅ Processed 55500 samples!...
✅ Processed 55600 samples!...
✅ Processed 55700 samples!...
✅ Processed 55800 samples!...
✅ Processed 55900 samples!...
✅ Processed 56000 samples!...
✅ Processed 56100 samples!...
✅ Processed 56200 samples!...
✅ Processed 56300 samples!...
✅ Processed 56400 samples!...
✅ Processed 56500 samples!...
✅ Processed 56600 samples!...
✅ Processed 56700 samples!...
✅ Processed 56800 samples!...
✅ Processed 56900 samples!...
✅ Processed 57000 samples!...
✅ Processed 57100 samples!...
✅ Processed 57200 samples!...
✅ Processed 57300 samples!...
✅ Processed 57400 samples!...
✅ Processed 57500 samples!...
✅ Processed 57600 samples!...
✅ Processed 57700 samples!...
✅ Processed 57800 samples!...
✅ Processed 57900 samples!...
✅ Processed 58000 samples!...
✅ Processed 58100 samples!...
✅ Processed 58200 samples!...
✅ Processed 58300 samples!...
✅ Processed 58400 samples!...
✅ Processed 58500 samples!...
✅ Processed 58600 samples!...
✅ Processed 58700 samples!...
✅ Processed 58800 samples!...
✅ Processed 58900 samples!...
✅ Processed 59000 samples!...
✅ Processed 59100 samples!...
✅ Processed 59200 samples!...
✅ Processed 59300 samples!...
✅ Processed 59400 samples!...
✅ Processed 59500 samples!...
✅ Processed 59600 samples!...
✅ Processed 59700 samples!...
✅ Processed 59800 samples!...
✅ Processed 59900 samples!...
✅ Processed 60000 samples!...
# writing dataset/laion_val/laion-val-000012.tar 1000 0.0 GB 12000
✅ Processed 60100 samples!...
✅ Processed 60200 samples!...
✅ Processed 60300 samples!...
✅ Processed 60400 samples!...
✅ Processed 60500 samples!...
✅ Processed 60600 samples!...
✅ Processed 60700 samples!...
✅ Processed 60800 samples!...
✅ Processed 60900 samples!...
✅ Processed 61000 samples!...
✅ Processed 61100 samples!...
✅ Processed 61200 samples!...
✅ Processed 61300 samples!...
✅ Processed 61400 samples!...
✅ Processed 61500 samples!...
✅ Processed 61600 samples!...
✅ Processed 61700 samples!...
✅ Processed 61800 samples!...
✅ Processed 61900 samples!...
✅ Processed 62000 samples!...
✅ Processed 62100 samples!...
✅ Processed 62200 samples!...
✅ Processed 62300 samples!...
✅ Processed 62400 samples!...
# writing dataset/laion_shards/laion-000005.tar 10000 0.3 GB 50000
✅ Processed 62500 samples!...
✅ Processed 62600 samples!...
✅ Processed 62700 samples!...
✅ Processed 62800 samples!...
✅ Processed 62900 samples!...
✅ Processed 63000 samples!...
✅ Processed 63100 samples!...
✅ Processed 63200 samples!...
✅ Processed 63300 samples!...
✅ Processed 63400 samples!...
✅ Processed 63500 samples!...
✅ Processed 63600 samples!...
✅ Processed 63700 samples!...
✅ Processed 63800 samples!...
✅ Processed 63900 samples!...
✅ Processed 64000 samples!...
✅ Processed 64100 samples!...
✅ Processed 64200 samples!...
✅ Processed 64300 samples!...
✅ Processed 64400 samples!...
✅ Processed 64500 samples!...
✅ Processed 64600 samples!...
✅ Processed 64700 samples!...
✅ Processed 64800 samples!...
✅ Processed 64900 samples!...
✅ Processed 65000 samples!...
# writing dataset/laion_val/laion-val-000013.tar 1000 0.0 GB 13000
✅ Processed 65100 samples!...
✅ Processed 65200 samples!...
✅ Processed 65300 samples!...
✅ Processed 65400 samples!...
✅ Processed 65500 samples!...
✅ Processed 65600 samples!...
✅ Processed 65700 samples!...
✅ Processed 65800 samples!...
✅ Processed 65900 samples!...
✅ Processed 66000 samples!...
✅ Processed 66100 samples!...
✅ Processed 66200 samples!...
✅ Processed 66300 samples!...
✅ Processed 66400 samples!...
✅ Processed 66500 samples!...
✅ Processed 66600 samples!...
✅ Processed 66700 samples!...
✅ Processed 66800 samples!...
✅ Processed 66900 samples!...
✅ Processed 67000 samples!...
✅ Processed 67100 samples!...
✅ Processed 67200 samples!...
✅ Processed 67300 samples!...
✅ Processed 67400 samples!...
✅ Processed 67500 samples!...
✅ Processed 67600 samples!...
✅ Processed 67700 samples!...
✅ Processed 67800 samples!...
✅ Processed 67900 samples!...
✅ Processed 68000 samples!...
✅ Processed 68100 samples!...
✅ Processed 68200 samples!...
✅ Processed 68300 samples!...
✅ Processed 68400 samples!...
✅ Processed 68500 samples!...
✅ Processed 68600 samples!...
✅ Processed 68700 samples!...
✅ Processed 68800 samples!...
✅ Processed 68900 samples!...
✅ Processed 69000 samples!...
✅ Processed 69100 samples!...
✅ Processed 69200 samples!...
✅ Processed 69300 samples!...
✅ Processed 69400 samples!...
✅ Processed 69500 samples!...
✅ Processed 69600 samples!...
✅ Processed 69700 samples!...
✅ Processed 69800 samples!...
✅ Processed 69900 samples!...
# writing dataset/laion_val/laion-val-000014.tar 1000 0.0 GB 14000
✅ Processed 70000 samples!...
✅ Processed 70100 samples!...
✅ Processed 70200 samples!...
✅ Processed 70300 samples!...
✅ Processed 70400 samples!...
✅ Processed 70500 samples!...
✅ Processed 70600 samples!...
✅ Processed 70700 samples!...
✅ Processed 70800 samples!...
✅ Processed 70900 samples!...
✅ Processed 71000 samples!...
✅ Processed 71100 samples!...
✅ Processed 71200 samples!...
✅ Processed 71300 samples!...
✅ Processed 71400 samples!...
✅ Processed 71500 samples!...
✅ Processed 71600 samples!...
✅ Processed 71700 samples!...
✅ Processed 71800 samples!...
✅ Processed 71900 samples!...
✅ Processed 72000 samples!...
✅ Processed 72100 samples!...
✅ Processed 72200 samples!...
✅ Processed 72300 samples!...
✅ Processed 72400 samples!...
✅ Processed 72500 samples!...
✅ Processed 72600 samples!...
✅ Processed 72700 samples!...
✅ Processed 72800 samples!...
✅ Processed 72900 samples!...
✅ Processed 73000 samples!...
✅ Processed 73100 samples!...
✅ Processed 73200 samples!...
✅ Processed 73300 samples!...
✅ Processed 73400 samples!...
✅ Processed 73500 samples!...
✅ Processed 73600 samples!...
✅ Processed 73700 samples!...
✅ Processed 73800 samples!...
✅ Processed 73900 samples!...
✅ Processed 74000 samples!...
✅ Processed 74100 samples!...
✅ Processed 74200 samples!...
✅ Processed 74300 samples!...
✅ Processed 74400 samples!...
✅ Processed 74500 samples!...
✅ Processed 74600 samples!...
✅ Processed 74700 samples!...
✅ Processed 74800 samples!...
✅ Processed 74900 samples!...
# writing dataset/laion_shards/laion-000006.tar 10000 0.3 GB 60000
✅ Processed 75000 samples!...
✅ Processed 75100 samples!...
# writing dataset/laion_val/laion-val-000015.tar 1000 0.0 GB 15000
✅ Processed 75200 samples!...
✅ Processed 75300 samples!...
✅ Processed 75400 samples!...
✅ Processed 75500 samples!...
✅ Processed 75600 samples!...
✅ Processed 75700 samples!...
✅ Processed 75800 samples!...
✅ Processed 75900 samples!...
✅ Processed 76000 samples!...
✅ Processed 76100 samples!...
✅ Processed 76200 samples!...
✅ Processed 76300 samples!...
✅ Processed 76400 samples!...
✅ Processed 76500 samples!...
✅ Processed 76600 samples!...
✅ Processed 76700 samples!...
✅ Processed 76800 samples!...
✅ Processed 76900 samples!...
✅ Processed 77000 samples!...
✅ Processed 77100 samples!...
✅ Processed 77200 samples!...
✅ Processed 77300 samples!...
✅ Processed 77400 samples!...
✅ Processed 77500 samples!...
✅ Processed 77600 samples!...
✅ Processed 77700 samples!...
✅ Processed 77800 samples!...
✅ Processed 77900 samples!...
✅ Processed 78000 samples!...
✅ Processed 78100 samples!...
✅ Processed 78200 samples!...
✅ Processed 78300 samples!...
✅ Processed 78400 samples!...
✅ Processed 78500 samples!...
✅ Processed 78600 samples!...
✅ Processed 78700 samples!...
✅ Processed 78800 samples!...
✅ Processed 78900 samples!...
✅ Processed 79000 samples!...
✅ Processed 79100 samples!...
✅ Processed 79200 samples!...
✅ Processed 79300 samples!...
✅ Processed 79400 samples!...
✅ Processed 79500 samples!...
✅ Processed 79600 samples!...
✅ Processed 79700 samples!...
✅ Processed 79800 samples!...
✅ Processed 79900 samples!...
✅ Processed 80000 samples!...
✅ Processed 80100 samples!...
# writing dataset/laion_val/laion-val-000016.tar 1000 0.0 GB 16000
✅ Processed 80200 samples!...
✅ Processed 80300 samples!...
✅ Processed 80400 samples!...
✅ Processed 80500 samples!...
✅ Processed 80600 samples!...
✅ Processed 80700 samples!...
✅ Processed 80800 samples!...
✅ Processed 80900 samples!...
✅ Processed 81000 samples!...
✅ Processed 81100 samples!...
✅ Processed 81200 samples!...
✅ Processed 81300 samples!...
✅ Processed 81400 samples!...
✅ Processed 81500 samples!...
✅ Processed 81600 samples!...
✅ Processed 81700 samples!...
✅ Processed 81800 samples!...
✅ Processed 81900 samples!...
✅ Processed 82000 samples!...
✅ Processed 82100 samples!...
✅ Processed 82200 samples!...
✅ Processed 82300 samples!...
✅ Processed 82400 samples!...
✅ Processed 82500 samples!...
✅ Processed 82600 samples!...
✅ Processed 82700 samples!...
✅ Processed 82800 samples!...
✅ Processed 82900 samples!...
✅ Processed 83000 samples!...
✅ Processed 83100 samples!...
✅ Processed 83200 samples!...
✅ Processed 83300 samples!...
✅ Processed 83400 samples!...
✅ Processed 83500 samples!...
✅ Processed 83600 samples!...
✅ Processed 83700 samples!...
✅ Processed 83800 samples!...
✅ Processed 83900 samples!...
✅ Processed 84000 samples!...
✅ Processed 84100 samples!...
✅ Processed 84200 samples!...
✅ Processed 84300 samples!...
✅ Processed 84400 samples!...
✅ Processed 84500 samples!...
✅ Processed 84600 samples!...
✅ Processed 84700 samples!...
✅ Processed 84800 samples!...
✅ Processed 84900 samples!...
✅ Processed 85000 samples!...
✅ Processed 85100 samples!...
✅ Processed 85200 samples!...
✅ Processed 85300 samples!...
✅ Processed 85400 samples!...
✅ Processed 85500 samples!...
# writing dataset/laion_val/laion-val-000017.tar 1000 0.0 GB 17000
✅ Processed 85600 samples!...
✅ Processed 85700 samples!...
✅ Processed 85800 samples!...
✅ Processed 85900 samples!...
✅ Processed 86000 samples!...
✅ Processed 86100 samples!...
✅ Processed 86200 samples!...
✅ Processed 86300 samples!...
✅ Processed 86400 samples!...
✅ Processed 86500 samples!...
✅ Processed 86600 samples!...
✅ Processed 86700 samples!...
✅ Processed 86800 samples!...
✅ Processed 86900 samples!...
✅ Processed 87000 samples!...
✅ Processed 87100 samples!...
✅ Processed 87200 samples!...
✅ Processed 87300 samples!...
# writing dataset/laion_shards/laion-000007.tar 10000 0.3 GB 70000
✅ Processed 87400 samples!...
✅ Processed 87500 samples!...
✅ Processed 87600 samples!...
✅ Processed 87700 samples!...
✅ Processed 87800 samples!...
✅ Processed 87900 samples!...
✅ Processed 88000 samples!...
✅ Processed 88100 samples!...
✅ Processed 88200 samples!...
✅ Processed 88300 samples!...
✅ Processed 88400 samples!...
✅ Processed 88500 samples!...
✅ Processed 88600 samples!...
✅ Processed 88700 samples!...
✅ Processed 88800 samples!...
✅ Processed 88900 samples!...
✅ Processed 89000 samples!...
✅ Processed 89100 samples!...
✅ Processed 89200 samples!...
✅ Processed 89300 samples!...
✅ Processed 89400 samples!...
✅ Processed 89500 samples!...
✅ Processed 89600 samples!...
✅ Processed 89700 samples!...
✅ Processed 89800 samples!...
✅ Processed 89900 samples!...
✅ Processed 90000 samples!...
✅ Processed 90100 samples!...
✅ Processed 90200 samples!...
✅ Processed 90300 samples!...
✅ Processed 90400 samples!...
✅ Processed 90500 samples!...
✅ Processed 90600 samples!...
# writing dataset/laion_val/laion-val-000018.tar 1000 0.0 GB 18000
✅ Processed 90700 samples!...
✅ Processed 90800 samples!...
✅ Processed 90900 samples!...
✅ Processed 91000 samples!...
✅ Processed 91100 samples!...
✅ Processed 91200 samples!...
✅ Processed 91300 samples!...
✅ Processed 91400 samples!...
✅ Processed 91500 samples!...
✅ Processed 91600 samples!...
✅ Processed 91700 samples!...
✅ Processed 91800 samples!...
✅ Processed 91900 samples!...
✅ Processed 92000 samples!...
✅ Processed 92100 samples!...
✅ Processed 92200 samples!...
✅ Processed 92300 samples!...
✅ Processed 92400 samples!...
✅ Processed 92500 samples!...
✅ Processed 92600 samples!...
✅ Processed 92700 samples!...
✅ Processed 92800 samples!...
✅ Processed 92900 samples!...
✅ Processed 93000 samples!...
✅ Processed 93100 samples!...
✅ Processed 93200 samples!...
✅ Processed 93300 samples!...
✅ Processed 93400 samples!...
✅ Processed 93500 samples!...
✅ Processed 93600 samples!...
✅ Processed 93700 samples!...
✅ Processed 93800 samples!...
✅ Processed 93900 samples!...
✅ Processed 94000 samples!...
✅ Processed 94100 samples!...
✅ Processed 94200 samples!...
✅ Processed 94300 samples!...
✅ Processed 94400 samples!...
✅ Processed 94500 samples!...
✅ Processed 94600 samples!...
✅ Processed 94700 samples!...
✅ Processed 94800 samples!...
✅ Processed 94900 samples!...
✅ Processed 95000 samples!...
✅ Processed 95100 samples!...
✅ Processed 95200 samples!...
✅ Processed 95300 samples!...
✅ Processed 95400 samples!...
✅ Processed 95500 samples!...
✅ Processed 95600 samples!...
✅ Processed 95700 samples!...
✅ Processed 95800 samples!...
# writing dataset/laion_val/laion-val-000019.tar 1000 0.0 GB 19000
✅ Processed 95900 samples!...
✅ Processed 96000 samples!...
✅ Processed 96100 samples!...
✅ Processed 96200 samples!...
✅ Processed 96300 samples!...
✅ Processed 96400 samples!...
✅ Processed 96500 samples!...
✅ Processed 96600 samples!...
✅ Processed 96700 samples!...
✅ Processed 96800 samples!...
✅ Processed 96900 samples!...
✅ Processed 97000 samples!...
✅ Processed 97100 samples!...
✅ Processed 97200 samples!...
✅ Processed 97300 samples!...
✅ Processed 97400 samples!...
✅ Processed 97500 samples!...
✅ Processed 97600 samples!...
✅ Processed 97700 samples!...
✅ Processed 97800 samples!...
✅ Processed 97900 samples!...
✅ Processed 98000 samples!...
✅ Processed 98100 samples!...
✅ Processed 98200 samples!...
✅ Processed 98300 samples!...
✅ Processed 98400 samples!...
✅ Processed 98500 samples!...
✅ Processed 98600 samples!...
✅ Processed 98700 samples!...
✅ Processed 98800 samples!...
✅ Processed 98900 samples!...
✅ Processed 99000 samples!...
✅ Processed 99100 samples!...
✅ Processed 99200 samples!...
✅ Processed 99300 samples!...
✅ Processed 99400 samples!...
✅ Processed 99500 samples!...
✅ Processed 99600 samples!...
✅ Processed 99700 samples!...
✅ Processed 99800 samples!...
# writing dataset/laion_shards/laion-000008.tar 10000 0.3 GB 80000
✅ Processed 99900 samples!...
✅ Processed 100000 samples!...
✅ Processed 100100 samples!...
✅ Processed 100200 samples!...
✅ Processed 100300 samples!...
✅ Processed 100400 samples!...
✅ Processed 100500 samples!...
✅ Processed 100600 samples!...
✅ Processed 100700 samples!...
# writing dataset/laion_val/laion-val-000020.tar 1000 0.0 GB 20000
✅ Processed 100800 samples!...
✅ Processed 100900 samples!...
✅ Processed 101000 samples!...
✅ Processed 101100 samples!...
✅ Processed 101200 samples!...
✅ Processed 101300 samples!...
✅ Processed 101400 samples!...
✅ Processed 101500 samples!...
✅ Processed 101600 samples!...
✅ Processed 101700 samples!...
✅ Processed 101800 samples!...
✅ Processed 101900 samples!...
✅ Processed 102000 samples!...
✅ Processed 102100 samples!...
✅ Processed 102200 samples!...
✅ Processed 102300 samples!...
✅ Processed 102400 samples!...
✅ Processed 102500 samples!...
✅ Processed 102600 samples!...
✅ Processed 102700 samples!...
✅ Processed 102800 samples!...
✅ Processed 102900 samples!...
✅ Processed 103000 samples!...
✅ Processed 103100 samples!...
✅ Processed 103200 samples!...
✅ Processed 103300 samples!...
✅ Processed 103400 samples!...
✅ Processed 103500 samples!...
✅ Processed 103600 samples!...
✅ Processed 103700 samples!...
✅ Processed 103800 samples!...
✅ Processed 103900 samples!...
✅ Processed 104000 samples!...
✅ Processed 104100 samples!...
✅ Processed 104200 samples!...
✅ Processed 104300 samples!...
✅ Processed 104400 samples!...
✅ Processed 104500 samples!...
✅ Processed 104600 samples!...
✅ Processed 104700 samples!...
✅ Processed 104800 samples!...
✅ Processed 104900 samples!...
✅ Processed 105000 samples!...
✅ Processed 105100 samples!...
✅ Processed 105200 samples!...
✅ Processed 105300 samples!...
✅ Processed 105400 samples!...
✅ Processed 105500 samples!...
✅ Processed 105600 samples!...
✅ Processed 105700 samples!...
✅ Processed 105800 samples!...
✅ Processed 105900 samples!...
✅ Processed 106000 samples!...
# writing dataset/laion_val/laion-val-000021.tar 1000 0.0 GB 21000
✅ Processed 106100 samples!...
✅ Processed 106200 samples!...
✅ Processed 106300 samples!...
✅ Processed 106400 samples!...
✅ Processed 106500 samples!...
✅ Processed 106600 samples!...
✅ Processed 106700 samples!...
✅ Processed 106800 samples!...
✅ Processed 106900 samples!...
✅ Processed 107000 samples!...
✅ Processed 107100 samples!...
✅ Processed 107200 samples!...
✅ Processed 107300 samples!...
✅ Processed 107400 samples!...
✅ Processed 107500 samples!...
✅ Processed 107600 samples!...
✅ Processed 107700 samples!...
✅ Processed 107800 samples!...
✅ Processed 107900 samples!...
✅ Processed 108000 samples!...
✅ Processed 108100 samples!...
✅ Processed 108200 samples!...
✅ Processed 108300 samples!...
✅ Processed 108400 samples!...
✅ Processed 108500 samples!...
✅ Processed 108600 samples!...
✅ Processed 108700 samples!...
✅ Processed 108800 samples!...
✅ Processed 108900 samples!...
✅ Processed 109000 samples!...
✅ Processed 109100 samples!...
✅ Processed 109200 samples!...
✅ Processed 109300 samples!...
✅ Processed 109400 samples!...
✅ Processed 109500 samples!...
✅ Processed 109600 samples!...
✅ Processed 109700 samples!...
✅ Processed 109800 samples!...
✅ Processed 109900 samples!...
✅ Processed 110000 samples!...
✅ Processed 110100 samples!...
✅ Processed 110200 samples!...
✅ Processed 110300 samples!...
✅ Processed 110400 samples!...
✅ Processed 110500 samples!...
✅ Processed 110600 samples!...
✅ Processed 110700 samples!...
✅ Processed 110800 samples!...
✅ Processed 110900 samples!...
✅ Processed 111000 samples!...
✅ Processed 111100 samples!...
# writing dataset/laion_val/laion-val-000022.tar 1000 0.0 GB 22000
✅ Processed 111200 samples!...
✅ Processed 111300 samples!...
✅ Processed 111400 samples!...
✅ Processed 111500 samples!...
✅ Processed 111600 samples!...
✅ Processed 111700 samples!...
✅ Processed 111800 samples!...
✅ Processed 111900 samples!...
✅ Processed 112000 samples!...
✅ Processed 112100 samples!...
✅ Processed 112200 samples!...
# writing dataset/laion_shards/laion-000009.tar 10000 0.3 GB 90000
✅ Processed 112300 samples!...
✅ Processed 112400 samples!...
✅ Processed 112500 samples!...
✅ Processed 112600 samples!...
✅ Processed 112700 samples!...
✅ Processed 112800 samples!...
✅ Processed 112900 samples!...
✅ Processed 113000 samples!...
✅ Processed 113100 samples!...
✅ Processed 113200 samples!...
✅ Processed 113300 samples!...
✅ Processed 113400 samples!...
✅ Processed 113500 samples!...
✅ Processed 113600 samples!...
✅ Processed 113700 samples!...
✅ Processed 113800 samples!...
✅ Processed 113900 samples!...
✅ Processed 114000 samples!...
✅ Processed 114100 samples!...
✅ Processed 114200 samples!...
✅ Processed 114300 samples!...
✅ Processed 114400 samples!...
✅ Processed 114500 samples!...
✅ Processed 114600 samples!...
✅ Processed 114700 samples!...
✅ Processed 114800 samples!...
✅ Processed 114900 samples!...
✅ Processed 115000 samples!...
✅ Processed 115100 samples!...
✅ Processed 115200 samples!...
✅ Processed 115300 samples!...
✅ Processed 115400 samples!...
✅ Processed 115500 samples!...
✅ Processed 115600 samples!...
✅ Processed 115700 samples!...
✅ Processed 115800 samples!...
✅ Processed 115900 samples!...
✅ Processed 116000 samples!...
✅ Processed 116100 samples!...
# writing dataset/laion_val/laion-val-000023.tar 1000 0.0 GB 23000
✅ Processed 116200 samples!...
✅ Processed 116300 samples!...
✅ Processed 116400 samples!...
✅ Processed 116500 samples!...
✅ Processed 116600 samples!...
✅ Processed 116700 samples!...
✅ Processed 116800 samples!...
✅ Processed 116900 samples!...
✅ Processed 117000 samples!...
✅ Processed 117100 samples!...
✅ Processed 117200 samples!...
✅ Processed 117300 samples!...
✅ Processed 117400 samples!...
✅ Processed 117500 samples!...
✅ Processed 117600 samples!...
✅ Processed 117700 samples!...
✅ Processed 117800 samples!...
✅ Processed 117900 samples!...
✅ Processed 118000 samples!...
✅ Processed 118100 samples!...
✅ Processed 118200 samples!...
✅ Processed 118300 samples!...
✅ Processed 118400 samples!...
✅ Processed 118500 samples!...
✅ Processed 118600 samples!...
✅ Processed 118700 samples!...
✅ Processed 118800 samples!...
✅ Processed 118900 samples!...
✅ Processed 119000 samples!...
✅ Processed 119100 samples!...
✅ Processed 119200 samples!...
✅ Processed 119300 samples!...
✅ Processed 119400 samples!...
✅ Processed 119500 samples!...
✅ Processed 119600 samples!...
✅ Processed 119700 samples!...
✅ Processed 119800 samples!...
✅ Processed 119900 samples!...
✅ Processed 120000 samples!...
✅ Processed 120100 samples!...
✅ Processed 120200 samples!...
✅ Processed 120300 samples!...
✅ Processed 120400 samples!...
✅ Processed 120500 samples!...
✅ Processed 120600 samples!...
✅ Processed 120700 samples!...
✅ Processed 120800 samples!...
✅ Processed 120900 samples!...
# writing dataset/laion_val/laion-val-000024.tar 1000 0.0 GB 24000
✅ Processed 121000 samples!...
✅ Processed 121100 samples!...
✅ Processed 121200 samples!...
✅ Processed 121300 samples!...
✅ Processed 121400 samples!...
✅ Processed 121500 samples!...
✅ Processed 121600 samples!...
✅ Processed 121700 samples!...
✅ Processed 121800 samples!...
✅ Processed 121900 samples!...
✅ Processed 122000 samples!...
✅ Processed 122100 samples!...
✅ Processed 122200 samples!...
✅ Processed 122300 samples!...
✅ Processed 122400 samples!...
✅ Processed 122500 samples!...
✅ Processed 122600 samples!...
✅ Processed 122700 samples!...
✅ Processed 122800 samples!...
✅ Processed 122900 samples!...
✅ Processed 123000 samples!...
✅ Processed 123100 samples!...
✅ Processed 123200 samples!...
✅ Processed 123300 samples!...
✅ Processed 123400 samples!...
✅ Processed 123500 samples!...
✅ Processed 123600 samples!...
✅ Processed 123700 samples!...
✅ Processed 123800 samples!...
✅ Processed 123900 samples!...
✅ Processed 124000 samples!...
✅ Processed 124100 samples!...
✅ Processed 124200 samples!...
✅ Processed 124300 samples!...
✅ Processed 124400 samples!...
✅ Processed 124500 samples!...
✅ Processed 124600 samples!...
✅ Processed 124700 samples!...
# writing dataset/laion_shards/laion-000010.tar 10000 0.3 GB 100000
✅ Processed 124800 samples!...
✅ Processed 124900 samples!...
✅ Processed 125000 samples!...
✅ Processed 125100 samples!...
✅ Processed 125200 samples!...
✅ Processed 125300 samples!...
✅ Processed 125400 samples!...
✅ Processed 125500 samples!...
✅ Processed 125600 samples!...
✅ Processed 125700 samples!...
✅ Processed 125800 samples!...
✅ Processed 125900 samples!...
# writing dataset/laion_val/laion-val-000025.tar 1000 0.0 GB 25000
✅ Processed 126000 samples!...
✅ Processed 126100 samples!...
✅ Processed 126200 samples!...
✅ Processed 126300 samples!...
✅ Processed 126400 samples!...
✅ Processed 126500 samples!...
✅ Processed 126600 samples!...
✅ Processed 126700 samples!...
✅ Processed 126800 samples!...
✅ Processed 126900 samples!...
✅ Processed 127000 samples!...
✅ Processed 127100 samples!...
✅ Processed 127200 samples!...
✅ Processed 127300 samples!...
✅ Processed 127400 samples!...
✅ Processed 127500 samples!...
✅ Processed 127600 samples!...
✅ Processed 127700 samples!...
✅ Processed 127800 samples!...
✅ Processed 127900 samples!...
✅ Processed 128000 samples!...
✅ Processed 128100 samples!...
✅ Processed 128200 samples!...
✅ Processed 128300 samples!...
✅ Processed 128400 samples!...
✅ Processed 128500 samples!...
✅ Processed 128600 samples!...
✅ Processed 128700 samples!...
✅ Processed 128800 samples!...
✅ Processed 128900 samples!...
✅ Processed 129000 samples!...
✅ Processed 129100 samples!...
✅ Processed 129200 samples!...
✅ Processed 129300 samples!...
✅ Processed 129400 samples!...
✅ Processed 129500 samples!...
✅ Processed 129600 samples!...
✅ Processed 129700 samples!...
✅ Processed 129800 samples!...
✅ Processed 129900 samples!...
✅ Processed 130000 samples!...
✅ Processed 130100 samples!...
✅ Processed 130200 samples!...
✅ Processed 130300 samples!...
✅ Processed 130400 samples!...
✅ Processed 130500 samples!...
✅ Processed 130600 samples!...
✅ Processed 130700 samples!...
✅ Processed 130800 samples!...
# writing dataset/laion_val/laion-val-000026.tar 1000 0.0 GB 26000
✅ Processed 130900 samples!...
✅ Processed 131000 samples!...
✅ Processed 131100 samples!...
✅ Processed 131200 samples!...
✅ Processed 131300 samples!...
✅ Processed 131400 samples!...
✅ Processed 131500 samples!...
✅ Processed 131600 samples!...
✅ Processed 131700 samples!...
✅ Processed 131800 samples!...
✅ Processed 131900 samples!...
✅ Processed 132000 samples!...
✅ Processed 132100 samples!...
✅ Processed 132200 samples!...
✅ Processed 132300 samples!...
✅ Processed 132400 samples!...
✅ Processed 132500 samples!...
✅ Processed 132600 samples!...
✅ Processed 132700 samples!...
✅ Processed 132800 samples!...
✅ Processed 132900 samples!...
✅ Processed 133000 samples!...
✅ Processed 133100 samples!...
✅ Processed 133200 samples!...
✅ Processed 133300 samples!...
✅ Processed 133400 samples!...
✅ Processed 133500 samples!...
✅ Processed 133600 samples!...
✅ Processed 133700 samples!...
✅ Processed 133800 samples!...
✅ Processed 133900 samples!...
✅ Processed 134000 samples!...
✅ Processed 134100 samples!...
✅ Processed 134200 samples!...
✅ Processed 134300 samples!...
✅ Processed 134400 samples!...
✅ Processed 134500 samples!...
✅ Processed 134600 samples!...
✅ Processed 134700 samples!...
✅ Processed 134800 samples!...
✅ Processed 134900 samples!...
✅ Processed 135000 samples!...
✅ Processed 135100 samples!...
✅ Processed 135200 samples!...
✅ Processed 135300 samples!...
✅ Processed 135400 samples!...
✅ Processed 135500 samples!...
✅ Processed 135600 samples!...
# writing dataset/laion_val/laion-val-000027.tar 1000 0.0 GB 27000
✅ Processed 135700 samples!...
✅ Processed 135800 samples!...
✅ Processed 135900 samples!...
✅ Processed 136000 samples!...
✅ Processed 136100 samples!...
✅ Processed 136200 samples!...
✅ Processed 136300 samples!...
✅ Processed 136400 samples!...
✅ Processed 136500 samples!...
✅ Processed 136600 samples!...
✅ Processed 136700 samples!...
✅ Processed 136800 samples!...
✅ Processed 136900 samples!...
✅ Processed 137000 samples!...
✅ Processed 137100 samples!...
✅ Processed 137200 samples!...
# writing dataset/laion_shards/laion-000011.tar 10000 0.3 GB 110000
✅ Processed 137300 samples!...
✅ Processed 137400 samples!...
✅ Processed 137500 samples!...
✅ Processed 137600 samples!...
✅ Processed 137700 samples!...
✅ Processed 137800 samples!...
✅ Processed 137900 samples!...
✅ Processed 138000 samples!...
✅ Processed 138100 samples!...
✅ Processed 138200 samples!...
✅ Processed 138300 samples!...
✅ Processed 138400 samples!...
✅ Processed 138500 samples!...
✅ Processed 138600 samples!...
✅ Processed 138700 samples!...
✅ Processed 138800 samples!...
✅ Processed 138900 samples!...
✅ Processed 139000 samples!...
✅ Processed 139100 samples!...
✅ Processed 139200 samples!...
✅ Processed 139300 samples!...
✅ Processed 139400 samples!...
✅ Processed 139500 samples!...
✅ Processed 139600 samples!...
✅ Processed 139700 samples!...
✅ Processed 139800 samples!...
✅ Processed 139900 samples!...
✅ Processed 140000 samples!...
✅ Processed 140100 samples!...
✅ Processed 140200 samples!...
✅ Processed 140300 samples!...
✅ Processed 140400 samples!...
✅ Processed 140500 samples!...
✅ Processed 140600 samples!...
✅ Processed 140700 samples!...
✅ Processed 140800 samples!...
✅ Processed 140900 samples!...
✅ Processed 141000 samples!...
# writing dataset/laion_val/laion-val-000028.tar 1000 0.0 GB 28000
✅ Processed 141100 samples!...
✅ Processed 141200 samples!...
✅ Processed 141300 samples!...
✅ Processed 141400 samples!...
✅ Processed 141500 samples!...
✅ Processed 141600 samples!...
✅ Processed 141700 samples!...
✅ Processed 141800 samples!...
✅ Processed 141900 samples!...
✅ Processed 142000 samples!...
✅ Processed 142100 samples!...
✅ Processed 142200 samples!...
✅ Processed 142300 samples!...
✅ Processed 142400 samples!...
✅ Processed 142500 samples!...
✅ Processed 142600 samples!...
✅ Processed 142700 samples!...
✅ Processed 142800 samples!...
✅ Processed 142900 samples!...
✅ Processed 143000 samples!...
✅ Processed 143100 samples!...
✅ Processed 143200 samples!...
✅ Processed 143300 samples!...
✅ Processed 143400 samples!...
✅ Processed 143500 samples!...
✅ Processed 143600 samples!...
✅ Processed 143700 samples!...
✅ Processed 143800 samples!...
✅ Processed 143900 samples!...
✅ Processed 144000 samples!...
✅ Processed 144100 samples!...
✅ Processed 144200 samples!...
✅ Processed 144300 samples!...
✅ Processed 144400 samples!...
✅ Processed 144500 samples!...
✅ Processed 144600 samples!...
✅ Processed 144700 samples!...
✅ Processed 144800 samples!...
✅ Processed 144900 samples!...
✅ Processed 145000 samples!...
✅ Processed 145100 samples!...
✅ Processed 145200 samples!...
✅ Processed 145300 samples!...
✅ Processed 145400 samples!...
✅ Processed 145500 samples!...
✅ Processed 145600 samples!...
✅ Processed 145700 samples!...
✅ Processed 145800 samples!...
✅ Processed 145900 samples!...
✅ Processed 146000 samples!...
✅ Processed 146100 samples!...
# writing dataset/laion_val/laion-val-000029.tar 1000 0.0 GB 29000
✅ Processed 146200 samples!...
✅ Processed 146300 samples!...
✅ Processed 146400 samples!...
✅ Processed 146500 samples!...
✅ Processed 146600 samples!...
✅ Processed 146700 samples!...
✅ Processed 146800 samples!...
✅ Processed 146900 samples!...
✅ Processed 147000 samples!...
✅ Processed 147100 samples!...
✅ Processed 147200 samples!...
✅ Processed 147300 samples!...
✅ Processed 147400 samples!...
✅ Processed 147500 samples!...
✅ Processed 147600 samples!...
✅ Processed 147700 samples!...
✅ Processed 147800 samples!...
✅ Processed 147900 samples!...
✅ Processed 148000 samples!...
✅ Processed 148100 samples!...
✅ Processed 148200 samples!...
✅ Processed 148300 samples!...
✅ Processed 148400 samples!...
✅ Processed 148500 samples!...
✅ Processed 148600 samples!...
✅ Processed 148700 samples!...
✅ Processed 148800 samples!...
✅ Processed 148900 samples!...
✅ Processed 149000 samples!...
✅ Processed 149100 samples!...
✅ Processed 149200 samples!...
✅ Processed 149300 samples!...
✅ Processed 149400 samples!...
✅ Processed 149500 samples!...
✅ Processed 149600 samples!...
# writing dataset/laion_shards/laion-000012.tar 10000 0.3 GB 120000
✅ Processed 149700 samples!...
✅ Processed 149800 samples!...
✅ Processed 149900 samples!...
✅ Processed 150000 samples!...
✅ Processed 150100 samples!...
✅ Processed 150200 samples!...
✅ Processed 150300 samples!...
✅ Processed 150400 samples!...
✅ Processed 150500 samples!...
✅ Processed 150600 samples!...
✅ Processed 150700 samples!...
✅ Processed 150800 samples!...
✅ Processed 150900 samples!...
✅ Processed 151000 samples!...
✅ Processed 151100 samples!...
✅ Processed 151200 samples!...
# writing dataset/laion_val/laion-val-000030.tar 1000 0.0 GB 30000
✅ Processed 151300 samples!...
✅ Processed 151400 samples!...
✅ Processed 151500 samples!...
✅ Processed 151600 samples!...
✅ Processed 151700 samples!...
✅ Processed 151800 samples!...
✅ Processed 151900 samples!...
✅ Processed 152000 samples!...
✅ Processed 152100 samples!...
✅ Processed 152200 samples!...
✅ Processed 152300 samples!...
✅ Processed 152400 samples!...
✅ Processed 152500 samples!...
✅ Processed 152600 samples!...
✅ Processed 152700 samples!...
✅ Processed 152800 samples!...
✅ Processed 152900 samples!...
✅ Processed 153000 samples!...
✅ Processed 153100 samples!...
✅ Processed 153200 samples!...
✅ Processed 153300 samples!...
✅ Processed 153400 samples!...
✅ Processed 153500 samples!...
✅ Processed 153600 samples!...
✅ Processed 153700 samples!...
✅ Processed 153800 samples!...
✅ Processed 153900 samples!...
✅ Processed 154000 samples!...
✅ Processed 154100 samples!...
✅ Processed 154200 samples!...
✅ Processed 154300 samples!...
✅ Processed 154400 samples!...
✅ Processed 154500 samples!...
✅ Processed 154600 samples!...
✅ Processed 154700 samples!...
✅ Processed 154800 samples!...
✅ Processed 154900 samples!...
✅ Processed 155000 samples!...
✅ Processed 155100 samples!...
✅ Processed 155200 samples!...
✅ Processed 155300 samples!...
✅ Processed 155400 samples!...
✅ Processed 155500 samples!...
✅ Processed 155600 samples!...
✅ Processed 155700 samples!...
✅ Processed 155800 samples!...
✅ Processed 155900 samples!...
✅ Processed 156000 samples!...
✅ Processed 156100 samples!...
# writing dataset/laion_val/laion-val-000031.tar 1000 0.0 GB 31000
✅ Processed 156200 samples!...
✅ Processed 156300 samples!...
✅ Processed 156400 samples!...
✅ Processed 156500 samples!...
✅ Processed 156600 samples!...
✅ Processed 156700 samples!...
✅ Processed 156800 samples!...
✅ Processed 156900 samples!...
✅ Processed 157000 samples!...
✅ Processed 157100 samples!...
✅ Processed 157200 samples!...
✅ Processed 157300 samples!...
✅ Processed 157400 samples!...
✅ Processed 157500 samples!...
✅ Processed 157600 samples!...
✅ Processed 157700 samples!...
✅ Processed 157800 samples!...
✅ Processed 157900 samples!...
✅ Processed 158000 samples!...
✅ Processed 158100 samples!...
✅ Processed 158200 samples!...
✅ Processed 158300 samples!...
✅ Processed 158400 samples!...
✅ Processed 158500 samples!...
✅ Processed 158600 samples!...
✅ Processed 158700 samples!...
✅ Processed 158800 samples!...
✅ Processed 158900 samples!...
✅ Processed 159000 samples!...
✅ Processed 159100 samples!...
✅ Processed 159200 samples!...
✅ Processed 159300 samples!...
✅ Processed 159400 samples!...
✅ Processed 159500 samples!...
✅ Processed 159600 samples!...
✅ Processed 159700 samples!...
✅ Processed 159800 samples!...
✅ Processed 159900 samples!...
✅ Processed 160000 samples!...
✅ Processed 160100 samples!...
✅ Processed 160200 samples!...
✅ Processed 160300 samples!...
✅ Processed 160400 samples!...
✅ Processed 160500 samples!...
✅ Processed 160600 samples!...
✅ Processed 160700 samples!...
✅ Processed 160800 samples!...
✅ Processed 160900 samples!...
✅ Processed 161000 samples!...
✅ Processed 161100 samples!...
✅ Processed 161200 samples!...
# writing dataset/laion_val/laion-val-000032.tar 1000 0.0 GB 32000
✅ Processed 161300 samples!...
✅ Processed 161400 samples!...
✅ Processed 161500 samples!...
✅ Processed 161600 samples!...
✅ Processed 161700 samples!...
✅ Processed 161800 samples!...
✅ Processed 161900 samples!...
✅ Processed 162000 samples!...
✅ Processed 162100 samples!...
# writing dataset/laion_shards/laion-000013.tar 10000 0.3 GB 130000
✅ Processed 162200 samples!...
✅ Processed 162300 samples!...
✅ Processed 162400 samples!...
✅ Processed 162500 samples!...
✅ Processed 162600 samples!...
✅ Processed 162700 samples!...
✅ Processed 162800 samples!...
✅ Processed 162900 samples!...
✅ Processed 163000 samples!...
✅ Processed 163100 samples!...
✅ Processed 163200 samples!...
✅ Processed 163300 samples!...
✅ Processed 163400 samples!...
✅ Processed 163500 samples!...
✅ Processed 163600 samples!...
✅ Processed 163700 samples!...
✅ Processed 163800 samples!...
✅ Processed 163900 samples!...
✅ Processed 164000 samples!...
✅ Processed 164100 samples!...
✅ Processed 164200 samples!...
✅ Processed 164300 samples!...
✅ Processed 164400 samples!...
✅ Processed 164500 samples!...
✅ Processed 164600 samples!...
✅ Processed 164700 samples!...
✅ Processed 164800 samples!...
✅ Processed 164900 samples!...
✅ Processed 165000 samples!...
✅ Processed 165100 samples!...
✅ Processed 165200 samples!...
✅ Processed 165300 samples!...
✅ Processed 165400 samples!...
✅ Processed 165500 samples!...
✅ Processed 165600 samples!...
✅ Processed 165700 samples!...
✅ Processed 165800 samples!...
✅ Processed 165900 samples!...
✅ Processed 166000 samples!...
✅ Processed 166100 samples!...
✅ Processed 166200 samples!...
# writing dataset/laion_val/laion-val-000033.tar 1000 0.0 GB 33000
✅ Processed 166300 samples!...
✅ Processed 166400 samples!...
✅ Processed 166500 samples!...
✅ Processed 166600 samples!...
✅ Processed 166700 samples!...
✅ Processed 166800 samples!...
✅ Processed 166900 samples!...
✅ Processed 167000 samples!...
✅ Processed 167100 samples!.../users/PAS2912/yusenpeng/.conda/envs/Fast-CLIP/lib/python3.11/site-packages/PIL/TiffImagePlugin.py:950: UserWarning: Corrupt EXIF data.  Expecting to read 4 bytes but only got 0. 
  warnings.warn(str(msg))
